<?xml version="1.0" encoding="UTF-8"?>
<!-- Generated by org.testng.reporters.JUnitXMLReporter -->
<testsuite hostname="173-168-101-239.res.bhn.net" ignored="0" name="Default test" tests="21" failures="0" timestamp="08 May 2018 12:27:14 GMT" time="0.225" errors="0">
  <testcase name="@BeforeSuite setup" time="15.52" classname="email_module_test_cases.MaropostEmailContactsTestCases">
    <failure type="org.openqa.selenium.WebDriverException" message="timeouts
Build info: version: &amp;apos;unknown&amp;apos;, revision: &amp;apos;unknown&amp;apos;, time: &amp;apos;unknown&amp;apos;
System info: host: &amp;apos;173-168-101-239.res.bhn.net&amp;apos;, ip: &amp;apos;173.168.101.239&amp;apos;, os.name: &amp;apos;Mac OS X&amp;apos;, os.arch: &amp;apos;x86_64&amp;apos;, os.version: &amp;apos;10.12.6&amp;apos;, java.version: &amp;apos;1.8.0_131&amp;apos;
Driver info: org.openqa.selenium.firefox.FirefoxDriver
Capabilities [{moz:profile=/var/folders/vp/4tv7xm2s0q15kxssvqx4dtl40000gn/T/rust_mozprofile.vllH6tdRwV4U, rotatable=false, timeouts={implicit=0.0, pageLoad=300000.0, script=30000.0}, pageLoadStrategy=normal, moz:headless=false, platform=ANY, moz:accessibilityChecks=false, moz:useNonSpecCompliantPointerOrigin=false, acceptInsecureCerts=false, browserVersion=59.0.2, platformVersion=16.7.0, moz:processID=2009.0, browserName=firefox, javascriptEnabled=true, platformName=darwin, moz:webdriverClick=true}]
Session ID: dafa1031-f118-d949-bf1b-44a6946a1b91">
      <![CDATA[org.openqa.selenium.WebDriverException: timeoutsBuild info: version: 'unknown', revision: 'unknown', time: 'unknown'System info: host: '173-168-101-239.res.bhn.net', ip: '173.168.101.239', os.name: 'Mac OS X', os.arch: 'x86_64', os.version: '10.12.6', java.version: '1.8.0_131'Driver info: org.openqa.selenium.firefox.FirefoxDriverCapabilities [{moz:profile=/var/folders/vp/4tv7xm2s0q15kxssvqx4dtl40000gn/T/rust_mozprofile.vllH6tdRwV4U, rotatable=false, timeouts={implicit=0.0, pageLoad=300000.0, script=30000.0}, pageLoadStrategy=normal, moz:headless=false, platform=ANY, moz:accessibilityChecks=false, moz:useNonSpecCompliantPointerOrigin=false, acceptInsecureCerts=false, browserVersion=59.0.2, platformVersion=16.7.0, moz:processID=2009.0, browserName=firefox, javascriptEnabled=true, platformName=darwin, moz:webdriverClick=true}]Session ID: dafa1031-f118-d949-bf1b-44a6946a1b91at sun.reflect.NativeConstructorAccessorImpl.newInstance0(Native Method)at sun.reflect.NativeConstructorAccessorImpl.newInstance(NativeConstructorAccessorImpl.java:62)at sun.reflect.DelegatingConstructorAccessorImpl.newInstance(DelegatingConstructorAccessorImpl.java:45)at java.lang.reflect.Constructor.newInstance(Constructor.java:423)at org.openqa.selenium.remote.http.W3CHttpResponseCodec.createException(W3CHttpResponseCodec.java:150)at org.openqa.selenium.remote.http.W3CHttpResponseCodec.decode(W3CHttpResponseCodec.java:115)at org.openqa.selenium.remote.http.W3CHttpResponseCodec.decode(W3CHttpResponseCodec.java:45)at org.openqa.selenium.remote.HttpCommandExecutor.execute(HttpCommandExecutor.java:164)at org.openqa.selenium.remote.service.DriverCommandExecutor.execute(DriverCommandExecutor.java:82)at org.openqa.selenium.remote.RemoteWebDriver.execute(RemoteWebDriver.java:637)at org.openqa.selenium.remote.RemoteWebDriver$RemoteWebDriverOptions$RemoteTimeouts.implicitlyWait(RemoteWebDriver.java:868)at email_module_test_cases.MaropostEmailContactsTestCases.setup(MaropostEmailContactsTestCases.java:38)at sun.reflect.NativeMethodAccessorImpl.invoke0(Native Method)at sun.reflect.NativeMethodAccessorImpl.invoke(NativeMethodAccessorImpl.java:62)at sun.reflect.DelegatingMethodAccessorImpl.invoke(DelegatingMethodAccessorImpl.java:43)at java.lang.reflect.Method.invoke(Method.java:498)at org.testng.internal.MethodInvocationHelper.invokeMethod(MethodInvocationHelper.java:124)at org.testng.internal.MethodInvocationHelper.invokeMethodConsideringTimeout(MethodInvocationHelper.java:59)at org.testng.internal.Invoker.invokeConfigurationMethod(Invoker.java:451)at org.testng.internal.Invoker.invokeConfigurations(Invoker.java:222)at org.testng.internal.Invoker.invokeConfigurations(Invoker.java:142)at org.testng.SuiteRunner.privateRun(SuiteRunner.java:401)at org.testng.SuiteRunner.run(SuiteRunner.java:364)at org.testng.SuiteRunnerWorker.runSuite(SuiteRunnerWorker.java:52)at org.testng.SuiteRunnerWorker.run(SuiteRunnerWorker.java:84)at org.testng.TestNG.runSuitesSequentially(TestNG.java:1187)at org.testng.TestNG.runSuitesLocally(TestNG.java:1116)at org.testng.TestNG.runSuites(TestNG.java:1028)at org.testng.TestNG.run(TestNG.java:996)at org.testng.remote.AbstractRemoteTestNG.run(AbstractRemoteTestNG.java:114)at org.testng.remote.RemoteTestNG.initAndRun(RemoteTestNG.java:251)at org.testng.remote.RemoteTestNG.main(RemoteTestNG.java:77)]]>
    </failure>
  </testcase> <!-- @BeforeSuite setup -->
  <testcase name="test_verify_signin_section" time="0.0" classname="email_module_test_cases.MaropostEmailContactsTestCases">
    <skipped/>
  </testcase> <!-- test_verify_signin_section -->
  <testcase name="test_create_new_contacts_list" time="0.0" classname="email_module_test_cases.MaropostEmailContactsTestCases">
    <skipped/>
  </testcase> <!-- test_create_new_contacts_list -->
  <testcase name="test_to_edit_contacts_list" time="0.0" classname="email_module_test_cases.MaropostEmailContactsTestCases">
    <skipped/>
  </testcase> <!-- test_to_edit_contacts_list -->
  <testcase name="test_to_delete_contacts_list" time="0.0" classname="email_module_test_cases.MaropostEmailContactsTestCases">
    <skipped/>
  </testcase> <!-- test_to_delete_contacts_list -->
  <testcase name="test_create_new_contacts_field" time="0.0" classname="email_module_test_cases.MaropostEmailContactsTestCases">
    <skipped/>
  </testcase> <!-- test_create_new_contacts_field -->
  <testcase name="test_create_new_contacts_tag" time="0.0" classname="email_module_test_cases.MaropostEmailContactsTestCases">
    <skipped/>
  </testcase> <!-- test_create_new_contacts_tag -->
  <testcase name="test_to_delete_contacts_tag" time="0.0" classname="email_module_test_cases.MaropostEmailContactsTestCases">
    <skipped/>
  </testcase> <!-- test_to_delete_contacts_tag -->
  <testcase name="test_create_new_contacts_brand" time="0.0" classname="email_module_test_cases.MaropostEmailContactsTestCases">
    <skipped/>
  </testcase> <!-- test_create_new_contacts_brand -->
  <testcase name="test_to_edit_contacts_brand" time="0.0" classname="email_module_test_cases.MaropostEmailContactsTestCases">
    <skipped/>
  </testcase> <!-- test_to_edit_contacts_brand -->
  <testcase name="test_create_new_contacts_secure_list" time="0.0" classname="email_module_test_cases.MaropostEmailContactsTestCases">
    <skipped/>
  </testcase> <!-- test_create_new_contacts_secure_list -->
  <testcase name="test_to_edit_contacts_secure_list" time="0.0" classname="email_module_test_cases.MaropostEmailContactsTestCases">
    <skipped/>
  </testcase> <!-- test_to_edit_contacts_secure_list -->
  <testcase name="test_create_new_contacts_table" time="0.0" classname="email_module_test_cases.MaropostEmailContactsTestCases">
    <skipped/>
  </testcase> <!-- test_create_new_contacts_table -->
  <testcase name="test_to_delete_contacts_securelist" time="0.0" classname="email_module_test_cases.MaropostEmailContactsTestCases">
    <skipped/>
  </testcase> <!-- test_to_delete_contacts_securelist -->
  <testcase name="test_to_edit_contacts_table" time="0.0" classname="email_module_test_cases.MaropostEmailContactsTestCases">
    <skipped/>
  </testcase> <!-- test_to_edit_contacts_table -->
  <testcase name="test_to_delete_contacts_table" time="0.0" classname="email_module_test_cases.MaropostEmailContactsTestCases">
    <skipped/>
  </testcase> <!-- test_to_delete_contacts_table -->
  <testcase name="test_create_new_contacts_sqlquery" time="0.0" classname="email_module_test_cases.MaropostEmailContactsTestCases">
    <skipped/>
  </testcase> <!-- test_create_new_contacts_sqlquery -->
  <testcase name="test_to_edit_contacts_sql_query" time="0.0" classname="email_module_test_cases.MaropostEmailContactsTestCases">
    <skipped/>
  </testcase> <!-- test_to_edit_contacts_sql_query -->
  <testcase name="test_to_delete_contacts_sql_query" time="0.0" classname="email_module_test_cases.MaropostEmailContactsTestCases">
    <skipped/>
  </testcase> <!-- test_to_delete_contacts_sql_query -->
  <testcase name="test_create_new_contacts_preference_page" time="0.0" classname="email_module_test_cases.MaropostEmailContactsTestCases">
    <skipped/>
  </testcase> <!-- test_create_new_contacts_preference_page -->
  <testcase name="test_to_edit_contacts_preference_page" time="0.0" classname="email_module_test_cases.MaropostEmailContactsTestCases">
    <skipped/>
  </testcase> <!-- test_to_edit_contacts_preference_page -->
  <testcase name="test_to_delete_contacts_preference_page" time="0.0" classname="email_module_test_cases.MaropostEmailContactsTestCases">
    <skipped/>
  </testcase> <!-- test_to_delete_contacts_preference_page -->
</testsuite> <!-- Default test -->
