<?xml version="1.0" encoding="UTF-8"?>
<!-- Generated by org.testng.reporters.JUnitReportReporter -->
<testsuite skipped="9" hostname="173-168-101-239.res.bhn.net" name="email_module_test_cases.MaropostEmailCampaignsTestCases" tests="10" failures="0" timestamp="01 May 2018 06:56:40 GMT" time="16.909" errors="1">
  <testcase name="test_click_on_new_campaign_tag_without_name" time="0.000" classname="email_module_test_cases.MaropostEmailCampaignsTestCases">
    <skipped/>
  </testcase> <!-- test_click_on_new_campaign_tag_without_name -->
  <testcase name="test_click_on_new_campaign_schedule_priority" time="0.000" classname="email_module_test_cases.MaropostEmailCampaignsTestCases">
    <skipped/>
  </testcase> <!-- test_click_on_new_campaign_schedule_priority -->
  <testcase name="test_click_on_new_campaign_tag" time="0.000" classname="email_module_test_cases.MaropostEmailCampaignsTestCases">
    <skipped/>
  </testcase> <!-- test_click_on_new_campaign_tag -->
  <testcase name="test_click_on_new_campaign_schedule_recurring" time="0.000" classname="email_module_test_cases.MaropostEmailCampaignsTestCases">
    <skipped/>
  </testcase> <!-- test_click_on_new_campaign_schedule_recurring -->
  <testcase name="test_click_on_new_campaign_schedule_priority_without_Date" time="0.000" classname="email_module_test_cases.MaropostEmailCampaignsTestCases">
    <skipped/>
  </testcase> <!-- test_click_on_new_campaign_schedule_priority_without_Date -->
  <testcase name="test_verify_signin_section" time="0.000" classname="email_module_test_cases.MaropostEmailCampaignsTestCases">
    <skipped/>
  </testcase> <!-- test_verify_signin_section -->
  <testcase name="test_to_edit_campaign" time="0.000" classname="email_module_test_cases.MaropostEmailCampaignsTestCases">
    <skipped/>
  </testcase> <!-- test_to_edit_campaign -->
  <testcase name="setup" time="16.909" classname="email_module_test_cases.MaropostEmailCampaignsTestCases">
    <error type="org.openqa.selenium.WebDriverException" message="timeouts
Build info: version: &#039;unknown&#039;, revision: &#039;unknown&#039;, time: &#039;unknown&#039;
System info: host: &#039;173-168-101-239.res.bhn.net&#039;, ip: &#039;173.168.101.239&#039;, os.name: &#039;Mac OS X&#039;, os.arch: &#039;x86_64&#039;, os.version: &#039;10.12.6&#039;, java.version: &#039;1.8.0_131&#039;
Driver info: org.openqa.selenium.firefox.FirefoxDriver
Capabilities [{moz:profile=/var/folders/vp/4tv7xm2s0q15kxssvqx4dtl40000gn/T/rust_mozprofile.ms0WwwlzhpiU, rotatable=false, timeouts={implicit=0.0, pageLoad=300000.0, script=30000.0}, pageLoadStrategy=normal, moz:headless=false, platform=ANY, moz:accessibilityChecks=false, moz:useNonSpecCompliantPointerOrigin=false, acceptInsecureCerts=false, browserVersion=59.0.2, platformVersion=16.7.0, moz:processID=4817.0, browserName=firefox, javascriptEnabled=true, platformName=darwin, moz:webdriverClick=true}]
Session ID: e08a35d5-5af2-b849-9048-7167cf10fcf6">
      <![CDATA[org.openqa.selenium.WebDriverException: timeoutsBuild info: version: 'unknown', revision: 'unknown', time: 'unknown'System info: host: '173-168-101-239.res.bhn.net', ip: '173.168.101.239', os.name: 'Mac OS X', os.arch: 'x86_64', os.version: '10.12.6', java.version: '1.8.0_131'Driver info: org.openqa.selenium.firefox.FirefoxDriverCapabilities [{moz:profile=/var/folders/vp/4tv7xm2s0q15kxssvqx4dtl40000gn/T/rust_mozprofile.ms0WwwlzhpiU, rotatable=false, timeouts={implicit=0.0, pageLoad=300000.0, script=30000.0}, pageLoadStrategy=normal, moz:headless=false, platform=ANY, moz:accessibilityChecks=false, moz:useNonSpecCompliantPointerOrigin=false, acceptInsecureCerts=false, browserVersion=59.0.2, platformVersion=16.7.0, moz:processID=4817.0, browserName=firefox, javascriptEnabled=true, platformName=darwin, moz:webdriverClick=true}]Session ID: e08a35d5-5af2-b849-9048-7167cf10fcf6at sun.reflect.NativeConstructorAccessorImpl.newInstance0(Native Method)at sun.reflect.NativeConstructorAccessorImpl.newInstance(NativeConstructorAccessorImpl.java:62)at sun.reflect.DelegatingConstructorAccessorImpl.newInstance(DelegatingConstructorAccessorImpl.java:45)at java.lang.reflect.Constructor.newInstance(Constructor.java:423)at org.openqa.selenium.remote.http.W3CHttpResponseCodec.createException(W3CHttpResponseCodec.java:150)at org.openqa.selenium.remote.http.W3CHttpResponseCodec.decode(W3CHttpResponseCodec.java:115)at org.openqa.selenium.remote.http.W3CHttpResponseCodec.decode(W3CHttpResponseCodec.java:45)at org.openqa.selenium.remote.HttpCommandExecutor.execute(HttpCommandExecutor.java:164)at org.openqa.selenium.remote.service.DriverCommandExecutor.execute(DriverCommandExecutor.java:82)at org.openqa.selenium.remote.RemoteWebDriver.execute(RemoteWebDriver.java:637)at org.openqa.selenium.remote.RemoteWebDriver$RemoteWebDriverOptions$RemoteTimeouts.implicitlyWait(RemoteWebDriver.java:868)at email_module_test_cases.MaropostEmailCampaignsTestCases.setup(MaropostEmailCampaignsTestCases.java:38)at sun.reflect.NativeMethodAccessorImpl.invoke0(Native Method)at sun.reflect.NativeMethodAccessorImpl.invoke(NativeMethodAccessorImpl.java:62)at sun.reflect.DelegatingMethodAccessorImpl.invoke(DelegatingMethodAccessorImpl.java:43)at java.lang.reflect.Method.invoke(Method.java:498)at org.testng.internal.MethodInvocationHelper.invokeMethod(MethodInvocationHelper.java:124)at org.testng.internal.MethodInvocationHelper.invokeMethodConsideringTimeout(MethodInvocationHelper.java:59)at org.testng.internal.Invoker.invokeConfigurationMethod(Invoker.java:451)at org.testng.internal.Invoker.invokeConfigurations(Invoker.java:222)at org.testng.internal.Invoker.invokeConfigurations(Invoker.java:142)at org.testng.SuiteRunner.privateRun(SuiteRunner.java:401)at org.testng.SuiteRunner.run(SuiteRunner.java:364)at org.testng.SuiteRunnerWorker.runSuite(SuiteRunnerWorker.java:52)at org.testng.SuiteRunnerWorker.run(SuiteRunnerWorker.java:84)at org.testng.TestNG.runSuitesSequentially(TestNG.java:1187)at org.testng.TestNG.runSuitesLocally(TestNG.java:1116)at org.testng.TestNG.runSuites(TestNG.java:1028)at org.testng.TestNG.run(TestNG.java:996)at org.testng.remote.AbstractRemoteTestNG.run(AbstractRemoteTestNG.java:114)at org.testng.remote.RemoteTestNG.initAndRun(RemoteTestNG.java:251)at org.testng.remote.RemoteTestNG.main(RemoteTestNG.java:77)]]>
    </error>
  </testcase> <!-- setup -->
  <testcase name="test_create_new_AB_campaign" time="0.000" classname="email_module_test_cases.MaropostEmailCampaignsTestCases">
    <skipped/>
  </testcase> <!-- test_create_new_AB_campaign -->
  <testcase name="test_to_delete_campaign" time="0.000" classname="email_module_test_cases.MaropostEmailCampaignsTestCases">
    <skipped/>
  </testcase> <!-- test_to_delete_campaign -->
</testsuite> <!-- email_module_test_cases.MaropostEmailCampaignsTestCases -->
