<?xml version="1.0" encoding="UTF-8"?>
<!-- Generated by org.testng.reporters.JUnitReportReporter -->
<testsuite skipped="5" hostname="Maroposts-iMac.local" name="com.demoWebApp.DemoWebApp" tests="6" failures="0" timestamp="06 Jun 2017 12:46:51 GMT" time="11.740" errors="1">
  <testcase name="verifySignInSection" time="11.740" classname="com.demoWebApp.DemoWebApp">
    <error type="org.openqa.selenium.NoSuchWindowException" message="Unable to locate window
Build info: version: &#039;unknown&#039;, revision: &#039;unknown&#039;, time: &#039;unknown&#039;
System info: host: &#039;Maroposts-iMac.local&#039;, ip: &#039;10.0.1.107&#039;, os.name: &#039;Mac OS X&#039;, os.arch: &#039;x86_64&#039;, os.version: &#039;10.12.2&#039;, java.version: &#039;1.8.0_131&#039;
Driver info: org.openqa.selenium.firefox.FirefoxDriver
Capabilities [{moz:profile=/var/folders/vp/4tv7xm2s0q15kxssvqx4dtl40000gn/T/rust_mozprofile.79u4I0GbfCv3, rotatable=false, timeouts={implicit=0.0, pageLoad=300000.0, script=30000.0}, pageLoadStrategy=normal, platform=ANY, specificationLevel=0.0, moz:accessibilityChecks=false, acceptInsecureCerts=false, browserVersion=53.0.3, platformVersion=16.3.0, moz:processID=4291.0, browserName=firefox, javascriptEnabled=true, platformName=darwin}]
Session ID: 439150fe-8e70-0746-b1f1-4a3a8166c45f">
      <![CDATA[org.openqa.selenium.NoSuchWindowException: Unable to locate window
Build info: version: 'unknown', revision: 'unknown', time: 'unknown'
System info: host: 'Maroposts-iMac.local', ip: '10.0.1.107', os.name: 'Mac OS X', os.arch: 'x86_64', os.version: '10.12.2', java.version: '1.8.0_131'
Driver info: org.openqa.selenium.firefox.FirefoxDriver
Capabilities [{moz:profile=/var/folders/vp/4tv7xm2s0q15kxssvqx4dtl40000gn/T/rust_mozprofile.79u4I0GbfCv3, rotatable=false, timeouts={implicit=0.0, pageLoad=300000.0, script=30000.0}, pageLoadStrategy=normal, platform=ANY, specificationLevel=0.0, moz:accessibilityChecks=false, acceptInsecureCerts=false, browserVersion=53.0.3, platformVersion=16.3.0, moz:processID=4291.0, browserName=firefox, javascriptEnabled=true, platformName=darwin}]
Session ID: 439150fe-8e70-0746-b1f1-4a3a8166c45f
	at sun.reflect.NativeConstructorAccessorImpl.newInstance0(Native Method)
	at sun.reflect.NativeConstructorAccessorImpl.newInstance(NativeConstructorAccessorImpl.java:62)
	at sun.reflect.DelegatingConstructorAccessorImpl.newInstance(DelegatingConstructorAccessorImpl.java:45)
	at java.lang.reflect.Constructor.newInstance(Constructor.java:423)
	at org.openqa.selenium.remote.http.W3CHttpResponseCodec.createException(W3CHttpResponseCodec.java:150)
	at org.openqa.selenium.remote.http.W3CHttpResponseCodec.decode(W3CHttpResponseCodec.java:115)
	at org.openqa.selenium.remote.http.W3CHttpResponseCodec.decode(W3CHttpResponseCodec.java:45)
	at org.openqa.selenium.remote.HttpCommandExecutor.execute(HttpCommandExecutor.java:164)
	at org.openqa.selenium.remote.service.DriverCommandExecutor.execute(DriverCommandExecutor.java:82)
	at org.openqa.selenium.remote.RemoteWebDriver.execute(RemoteWebDriver.java:637)
	at org.openqa.selenium.remote.RemoteWebElement.execute(RemoteWebElement.java:272)
	at org.openqa.selenium.remote.RemoteWebElement.submit(RemoteWebElement.java:86)
	at com.demoWebApp.DemoWebApp.verifySignInSection(DemoWebApp.java:40)
	at sun.reflect.NativeMethodAccessorImpl.invoke0(Native Method)
	at sun.reflect.NativeMethodAccessorImpl.invoke(NativeMethodAccessorImpl.java:62)
	at sun.reflect.DelegatingMethodAccessorImpl.invoke(DelegatingMethodAccessorImpl.java:43)
	at java.lang.reflect.Method.invoke(Method.java:498)
	at org.testng.internal.MethodInvocationHelper.invokeMethod(MethodInvocationHelper.java:108)
	at org.testng.internal.Invoker.invokeMethod(Invoker.java:661)
	at org.testng.internal.Invoker.invokeTestMethod(Invoker.java:869)
	at org.testng.internal.Invoker.invokeTestMethods(Invoker.java:1193)
	at org.testng.internal.TestMethodWorker.invokeTestMethods(TestMethodWorker.java:126)
	at org.testng.internal.TestMethodWorker.run(TestMethodWorker.java:109)
	at org.testng.TestRunner.privateRun(TestRunner.java:744)
	at org.testng.TestRunner.run(TestRunner.java:602)
	at org.testng.SuiteRunner.runTest(SuiteRunner.java:380)
	at org.testng.SuiteRunner.runSequentially(SuiteRunner.java:375)
	at org.testng.SuiteRunner.privateRun(SuiteRunner.java:340)
	at org.testng.SuiteRunner.run(SuiteRunner.java:289)
	at org.testng.SuiteRunnerWorker.runSuite(SuiteRunnerWorker.java:52)
	at org.testng.SuiteRunnerWorker.run(SuiteRunnerWorker.java:86)
	at org.testng.TestNG.runSuitesSequentially(TestNG.java:1301)
	at org.testng.TestNG.runSuitesLocally(TestNG.java:1226)
	at org.testng.TestNG.runSuites(TestNG.java:1144)
	at org.testng.TestNG.run(TestNG.java:1115)
	at org.testng.remote.AbstractRemoteTestNG.run(AbstractRemoteTestNG.java:132)
	at org.testng.remote.RemoteTestNG.initAndRun(RemoteTestNG.java:230)
	at org.testng.remote.RemoteTestNG.main(RemoteTestNG.java:76)
]]>
    </error>
  </testcase> <!-- verifySignInSection -->
  <testcase name="verifySignInSectionWithoutEmailPassword" time="0.000" classname="com.demoWebApp.DemoWebApp">
    <skipped/>
  </testcase> <!-- verifySignInSectionWithoutEmailPassword -->
  <testcase name="verifySignInSectionWithoutEmail" time="0.000" classname="com.demoWebApp.DemoWebApp">
    <skipped/>
  </testcase> <!-- verifySignInSectionWithoutEmail -->
  <testcase name="verifyAboutUsSection" time="0.000" classname="com.demoWebApp.DemoWebApp">
    <skipped/>
  </testcase> <!-- verifyAboutUsSection -->
  <testcase name="verifyContactUsSection" time="0.000" classname="com.demoWebApp.DemoWebApp">
    <skipped/>
  </testcase> <!-- verifyContactUsSection -->
  <testcase name="verifySignInSectionWithoutPassword" time="0.000" classname="com.demoWebApp.DemoWebApp">
    <skipped/>
  </testcase> <!-- verifySignInSectionWithoutPassword -->
</testsuite> <!-- com.demoWebApp.DemoWebApp -->
